<?xml version="1.0" encoding="UTF-8" ?>
<testsuite errors="0" failures="5" hostname="zhouzx-PC" name="com.eshore.TestControllerTests" tests="8" time="3.746" timestamp="2013-11-28T08:23:08">
  <properties />
  <testcase classname="com.eshore.TestControllerTests" name="testIndex" time="1.733" />
  <testcase classname="com.eshore.TestControllerTests" name="testList" time="0.671" />
  <testcase classname="com.eshore.TestControllerTests" name="testCreate" time="0.219" />
  <testcase classname="com.eshore.TestControllerTests" name="testSave" time="0.203">
    <failure message="Assertion failed: &#xa;&#xa;assert response.redirectedUrl == &apos;/test/show/1&apos;&#xa;       |        |             |&#xa;       |        null          false&#xa;       org.codehaus.groovy.grails.plugins.testing.GrailsMockHttpServletResponse@b80eb0&#xa;" type="junit.framework.AssertionFailedError">junit.framework.AssertionFailedError: Assertion failed: 

assert response.redirectedUrl == &apos;/test/show/1&apos;
       |        |             |
       |        null          false
       org.codehaus.groovy.grails.plugins.testing.GrailsMockHttpServletResponse@b80eb0

	at com.eshore.TestControllerTests.testSave(TestControllerTests.groovy:48)
</failure>
  </testcase>
  <testcase classname="com.eshore.TestControllerTests" name="testShow" time="0.202">
    <failure message="Assertion failed: &#xa;&#xa;assert test.save() != null&#xa;       |    |      |&#xa;       |    null   false&#xa;       com.eshore.Test : (unsaved)&#xa;" type="junit.framework.AssertionFailedError">junit.framework.AssertionFailedError: Assertion failed: 

assert test.save() != null
       |    |      |
       |    null   false
       com.eshore.Test : (unsaved)

	at com.eshore.TestControllerTests.testShow(TestControllerTests.groovy:62)
</failure>
  </testcase>
  <testcase classname="com.eshore.TestControllerTests" name="testEdit" time="0.406">
    <failure message="Assertion failed: &#xa;&#xa;assert test.save() != null&#xa;       |    |      |&#xa;       |    null   false&#xa;       com.eshore.Test : (unsaved)&#xa;" type="junit.framework.AssertionFailedError">junit.framework.AssertionFailedError: Assertion failed: 

assert test.save() != null
       |    |      |
       |    null   false
       com.eshore.Test : (unsaved)

	at com.eshore.TestControllerTests.testEdit(TestControllerTests.groovy:80)
</failure>
  </testcase>
  <testcase classname="com.eshore.TestControllerTests" name="testUpdate" time="0.124">
    <failure message="Assertion failed: &#xa;&#xa;assert test.save() != null&#xa;       |    |      |&#xa;       |    null   false&#xa;       com.eshore.Test : (unsaved)&#xa;" type="junit.framework.AssertionFailedError">junit.framework.AssertionFailedError: Assertion failed: 

assert test.save() != null
       |    |      |
       |    null   false
       com.eshore.Test : (unsaved)

	at com.eshore.TestControllerTests.testUpdate(TestControllerTests.groovy:100)
</failure>
  </testcase>
  <testcase classname="com.eshore.TestControllerTests" name="testDelete" time="0.094">
    <failure message="Assertion failed: &#xa;&#xa;assert test.save() != null&#xa;       |    |      |&#xa;       |    null   false&#xa;       com.eshore.Test : (unsaved)&#xa;" type="junit.framework.AssertionFailedError">junit.framework.AssertionFailedError: Assertion failed: 

assert test.save() != null
       |    |      |
       |    null   false
       com.eshore.Test : (unsaved)

	at com.eshore.TestControllerTests.testDelete(TestControllerTests.groovy:144)
</failure>
  </testcase>
  <system-out><![CDATA[--Output from testIndex--
--Output from testList--
--Output from testCreate--
--Output from testSave--
--Output from testShow--
--Output from testEdit--
--Output from testUpdate--
--Output from testDelete--
]]></system-out>
  <system-err><![CDATA[--Output from testIndex--
--Output from testList--
--Output from testCreate--
--Output from testSave--
--Output from testShow--
--Output from testEdit--
--Output from testUpdate--
--Output from testDelete--
]]></system-err>
</testsuite>
