Testsuite: com.eshore.TestControllerTests
Tests run: 8, Failures: 5, Errors: 0, Time elapsed: 3.746 sec
------------- Standard Output ---------------
--Output from testIndex--
--Output from testList--
--Output from testCreate--
--Output from testSave--
--Output from testShow--
--Output from testEdit--
--Output from testUpdate--
--Output from testDelete--
------------- ---------------- ---------------
------------- Standard Error -----------------
--Output from testIndex--
--Output from testList--
--Output from testCreate--
--Output from testSave--
--Output from testShow--
--Output from testEdit--
--Output from testUpdate--
--Output from testDelete--
------------- ---------------- ---------------

Testcase: testIndex took 1.733 sec
Testcase: testList took 0.671 sec
Testcase: testCreate took 0.219 sec
Testcase: testSave took 0.203 sec
	FAILED
Assertion failed: 

assert response.redirectedUrl == '/test/show/1'
       |        |             |
       |        null          false
       org.codehaus.groovy.grails.plugins.testing.GrailsMockHttpServletResponse@b80eb0

junit.framework.AssertionFailedError: Assertion failed: 

assert response.redirectedUrl == '/test/show/1'
       |        |             |
       |        null          false
       org.codehaus.groovy.grails.plugins.testing.GrailsMockHttpServletResponse@b80eb0

	at com.eshore.TestControllerTests.testSave(TestControllerTests.groovy:48)

Testcase: testShow took 0.202 sec
	FAILED
Assertion failed: 

assert test.save() != null
       |    |      |
       |    null   false
       com.eshore.Test : (unsaved)

junit.framework.AssertionFailedError: Assertion failed: 

assert test.save() != null
       |    |      |
       |    null   false
       com.eshore.Test : (unsaved)

	at com.eshore.TestControllerTests.testShow(TestControllerTests.groovy:62)

Testcase: testEdit took 0.406 sec
	FAILED
Assertion failed: 

assert test.save() != null
       |    |      |
       |    null   false
       com.eshore.Test : (unsaved)

junit.framework.AssertionFailedError: Assertion failed: 

assert test.save() != null
       |    |      |
       |    null   false
       com.eshore.Test : (unsaved)

	at com.eshore.TestControllerTests.testEdit(TestControllerTests.groovy:80)

Testcase: testUpdate took 0.124 sec
	FAILED
Assertion failed: 

assert test.save() != null
       |    |      |
       |    null   false
       com.eshore.Test : (unsaved)

junit.framework.AssertionFailedError: Assertion failed: 

assert test.save() != null
       |    |      |
       |    null   false
       com.eshore.Test : (unsaved)

	at com.eshore.TestControllerTests.testUpdate(TestControllerTests.groovy:100)

Testcase: testDelete took 0.094 sec
	FAILED
Assertion failed: 

assert test.save() != null
       |    |      |
       |    null   false
       com.eshore.Test : (unsaved)

junit.framework.AssertionFailedError: Assertion failed: 

assert test.save() != null
       |    |      |
       |    null   false
       com.eshore.Test : (unsaved)

	at com.eshore.TestControllerTests.testDelete(TestControllerTests.groovy:144)

